[12:52:30] [main/INFO] (FabricLoader/GameProvider) Loading Minecraft 1.19.4 with Fabric Loader 0.14.22
[12:52:30] [main/INFO] (FabricLoader) Loading 43 mods:
	- fabric-api 0.87.0+1.19.4
	- fabric-api-base 0.4.28+737a6ee8f4
	- fabric-api-lookup-api-v1 1.6.29+504944c8f4
	- fabric-biome-api-v1 13.0.9+10ce000ff4
	- fabric-block-api-v1 1.0.8+e022e5d1f4
	- fabric-command-api-v1 1.2.31+f71b366ff4
	- fabric-command-api-v2 2.2.10+10ce000ff4
	- fabric-commands-v0 0.2.48+df3654b3f4
	- fabric-containers-v0 0.1.59+df3654b3f4
	- fabric-content-registries-v0 3.5.14+10ce000ff4
	- fabric-convention-tags-v1 1.5.3+6d727b51f4
	- fabric-crash-report-info-v1 0.2.17+aeb40ebef4
	- fabric-data-generation-api-v1 11.5.2+26f09d40f4
	- fabric-dimensions-v1 2.1.50+44c9c860f4
	- fabric-entity-events-v1 1.5.17+10ce000ff4
	- fabric-events-interaction-v0 0.6.1+4b6b93f0f4
	- fabric-events-lifecycle-v0 0.2.56+df3654b3f4
	- fabric-game-rule-api-v1 1.0.35+a1ccd7bff4
	- fabric-gametest-api-v1 1.2.9+10ce000ff4
	- fabric-item-api-v1 2.1.21+10ce000ff4
	- fabric-item-group-api-v1 3.0.10+8400c67ef4
	- fabric-lifecycle-events-v1 2.2.19+10ce000ff4
	- fabric-loot-api-v2 1.1.32+10ce000ff4
	- fabric-loot-tables-v1 1.1.36+9e7660c6f4
	- fabric-message-api-v1 5.1.5+53c11dadf4
	- fabric-mining-level-api-v1 2.1.44+10ce000ff4
	- fabric-networking-api-v1 1.3.6+ae9c4c6af4
	- fabric-networking-v0 0.3.46+df3654b3f4
	- fabric-object-builder-api-v1 7.1.1+d63b52eaf4
	- fabric-particles-v1 1.1.1+86d48884f4
	- fabric-recipe-api-v1 1.0.13+10ce000ff4
	- fabric-registry-sync-v0 2.3.2+95ae8716f4
	- fabric-rendering-data-attachment-v1 0.3.32+10ce000ff4
	- fabric-rendering-fluids-v1 3.0.25+10ce000ff4
	- fabric-resource-conditions-api-v1 2.3.3+10ce000ff4
	- fabric-resource-loader-v0 0.11.7+8400c67ef4
	- fabric-screen-handler-api-v1 1.3.25+10ce000ff4
	- fabric-transfer-api-v1 3.3.0+7bf81db9f4
	- fabric-transitive-access-wideners-v1 3.3.0+1b5f819af4
	- fabricloader 0.14.22
	- islandcreator 1.0.0
	- java 17
	- minecraft 1.19.4
[12:52:30] [main/INFO] (FabricLoader/Mixin) SpongePowered MIXIN Subsystem Version=0.8.5 Source=file:/C:/Users/disym/.gradle/caches/modules-2/files-2.1/net.fabricmc/sponge-mixin/0.12.5+mixin.0.8.5/8d31fb97c3e0cd7c8dad3441851c523bcfae6d8e/sponge-mixin-0.12.5+mixin.0.8.5.jar Service=Knot/Fabric Env=SERVER
[12:52:30] [main/INFO] (FabricLoader/Mixin) Loaded Fabric development mappings for mixin remapper!
[12:52:30] [main/INFO] (FabricLoader/Mixin) Compatibility level set to JAVA_17
[12:52:35] [main/INFO] (island-creator) Start init for IslandCreator
[12:52:35] [main/INFO] (Minecraft) Environment: authHost='https://authserver.mojang.com', accountsHost='https://api.mojang.com', sessionHost='https://sessionserver.mojang.com', servicesHost='https://api.minecraftservices.com', name='PROD'
[12:52:36] [main/INFO] (Minecraft) Loaded 7 recipes
[12:52:36] [main/INFO] (Minecraft) Loaded 1179 advancements
[12:52:37] [main/INFO] (BiomeModificationImpl) Applied 0 biome modifications to 0 of 63 new biomes in 1.051 ms
[12:52:37] [Server thread/INFO] (Minecraft) Starting minecraft server version 1.19.4
[12:52:37] [Server thread/INFO] (Minecraft) Loading properties
[12:52:37] [Server thread/INFO] (Minecraft) Default game type: SURVIVAL
[12:52:37] [Server thread/INFO] (Minecraft) Generating keypair
[12:52:37] [Server thread/INFO] (Minecraft) Starting Minecraft server on *:25565
[12:52:37] [Server thread/INFO] (Minecraft) Using default channel type
[12:52:37] [Server thread/INFO] (Minecraft) Preparing level "world"
[12:52:37] [Server thread/INFO] (Minecraft) Preparing start region for dimension minecraft:overworld
[12:52:39] [Worker-Main-7/INFO] (Minecraft) Preparing spawn area: 0%
[12:52:39] [Worker-Main-7/INFO] (Minecraft) Preparing spawn area: 0%
[12:52:39] [Worker-Main-7/INFO] (Minecraft) Preparing spawn area: 0%
[12:52:39] [Worker-Main-7/INFO] (Minecraft) Preparing spawn area: 0%
[12:52:39] [Worker-Main-2/INFO] (Minecraft) Preparing spawn area: 90%
[12:52:40] [Server thread/INFO] (Minecraft) Time elapsed: 2022 ms
[12:52:40] [Server thread/INFO] (Minecraft) Done (2.652s)! For help, type "help"
[12:53:06] [User Authenticator #1/INFO] (Minecraft) UUID of player Disy920 is 6b4a08dd-17df-4c42-93d0-bfcf8087efa3
[12:53:06] [Server thread/INFO] (Minecraft) Disy920[/127.0.0.1:8684] logged in with entity id 32 at (301.536755337513, 155.78809722182172, 177.07273622426607)
[12:53:07] [Server thread/INFO] (Minecraft) Disy920 joined the game
[12:53:19] [Server thread/WARN] (Minecraft) Can't keep up! Is the server overloaded? Running 2927ms or 58 ticks behind
[12:53:58] [Server thread/INFO] (Minecraft) Disy920 lost connection: Disconnected
[12:53:58] [Server thread/INFO] (Minecraft) Disy920 left the game
